2026-06-02 12:51:02,713 INFO sqlalchemy.engine.Engine select pg_catalog.version()
2026-06-02 12:51:02,713 INFO sqlalchemy.engine.Engine [raw sql] ()
2026-06-02 12:51:02,713 INFO sqlalchemy.engine.Engine select current_schema()
2026-06-02 12:51:02,713 INFO sqlalchemy.engine.Engine [raw sql] ()
2026-06-02 12:51:02,713 INFO sqlalchemy.engine.Engine show standard_conforming_strings
2026-06-02 12:51:02,713 INFO sqlalchemy.engine.Engine [raw sql] ()
2026-06-02 12:51:02,713 INFO sqlalchemy.engine.Engine BEGIN (implicit)
2026-06-02 12:51:02,722 INFO sqlalchemy.engine.Engine SELECT users.id, users.email, users.name, users.role, users.created_at, users.updated_at 
FROM users 
WHERE users.email = $1::VARCHAR
2026-06-02 12:51:02,722 INFO sqlalchemy.engine.Engine [generated in 0.00008s] ('dev@pitchdeck.local',)
2026-06-02 12:51:02,724 INFO sqlalchemy.engine.Engine INSERT INTO projects (owner_id, title, project_type, pitch_purpose, story_stage, genres, tone, language, production_status, status) VALUES ($1::UUID, $2::VARCHAR, $3::VARCHAR, $4::VARCHAR, $5::VARCHAR, $6::JSONB, $7::JSONB, $8::VARCHAR, $9::VARCHAR, $10::VARCHAR) RETURNING projects.id, projects.last_edited_at, projects.created_at, projects.updated_at
2026-06-02 12:51:02,724 INFO sqlalchemy.engine.Engine [generated in 0.00011s] (UUID('9a54eb3d-47eb-4c7a-b531-571760e0fa2e'), 'The Tank', 'feature_film', None, None, '["Survival Thriller"]', '["Dark", "Claustrophobic"]', None, None, 'intake')
2026-06-02 12:51:02,724 INFO sqlalchemy.engine.Engine COMMIT
2026-06-02 12:51:02,724 INFO sqlalchemy.engine.Engine BEGIN (implicit)
2026-06-02 12:51:02,724 INFO sqlalchemy.engine.Engine SELECT projects.id, projects.owner_id, projects.title, projects.project_type, projects.pitch_purpose, projects.story_stage, projects.genres, projects.tone, projects.language, projects.production_status, projects.status, projects.intake_form, projects.script_summary, projects.story_analysis, projects.last_edited_at, projects.created_at, projects.updated_at 
FROM projects 
WHERE projects.id = $1::UUID 
2026-06-02 12:51:02,724 INFO sqlalchemy.engine.Engine [generated in 0.00007s] (UUID('30df7686-1c22-4004-9d7f-1f89cbc84e32'),)
2026-06-02 12:51:02,724 INFO sqlalchemy.engine.Engine ROLLBACK
2026-06-02 12:51:02,739 INFO sqlalchemy.engine.Engine BEGIN (implicit)
2026-06-02 12:51:02,739 INFO sqlalchemy.engine.Engine SELECT projects.id AS projects_id, projects.owner_id AS projects_owner_id, projects.title AS projects_title, projects.project_type AS projects_project_type, projects.pitch_purpose AS projects_pitch_purpose, projects.story_stage AS projects_story_stage, projects.genres AS projects_genres, projects.tone AS projects_tone, projects.language AS projects_language, projects.production_status AS projects_production_status, projects.status AS projects_status, projects.intake_form AS projects_intake_form, projects.script_summary AS projects_script_summary, projects.story_analysis AS projects_story_analysis, projects.last_edited_at AS projects_last_edited_at, projects.created_at AS projects_created_at, projects.updated_at AS projects_updated_at 
FROM projects 
WHERE projects.id = $1::UUID
2026-06-02 12:51:02,739 INFO sqlalchemy.engine.Engine [generated in 0.00006s] (UUID('30df7686-1c22-4004-9d7f-1f89cbc84e32'),)
2026-06-02 12:51:02,741 INFO sqlalchemy.engine.Engine UPDATE projects SET intake_form=$1::JSONB, updated_at=now() WHERE projects.id = $2::UUID
2026-06-02 12:51:02,741 INFO sqlalchemy.engine.Engine [generated in 0.00008s] ('{"title": "The Tank", "tagline": "A Devil On The Roof", "logline": "A contained survival thriller.", "genreBlend": "Survival Thriller", "tone": "", " ... (445 characters truncated) ... ms of light, claustrophobic framing", "colorPalette": "", "textureStyle": "", "designDirection": "", "themes": "", "keyScenes": "", "visualMood": ""}', UUID('30df7686-1c22-4004-9d7f-1f89cbc84e32'))
2026-06-02 12:51:02,741 INFO sqlalchemy.engine.Engine COMMIT
2026-06-02 12:51:02,741 INFO sqlalchemy.engine.Engine BEGIN (implicit)
2026-06-02 12:51:02,741 INFO sqlalchemy.engine.Engine SELECT projects.id, projects.owner_id, projects.title, projects.project_type, projects.pitch_purpose, projects.story_stage, projects.genres, projects.tone, projects.language, projects.production_status, projects.status, projects.intake_form, projects.script_summary, projects.story_analysis, projects.last_edited_at, projects.created_at, projects.updated_at 
FROM projects 
WHERE projects.id = $1::UUID
2026-06-02 12:51:02,741 INFO sqlalchemy.engine.Engine [cached since 0.01475s ago] (UUID('30df7686-1c22-4004-9d7f-1f89cbc84e32'),)
2026-06-02 12:51:02,741 INFO sqlalchemy.engine.Engine ROLLBACK
2026-06-02 12:51:06,793 INFO sqlalchemy.engine.Engine BEGIN (implicit)
2026-06-02 12:51:06,794 INFO sqlalchemy.engine.Engine SELECT projects.id AS projects_id, projects.owner_id AS projects_owner_id, projects.title AS projects_title, projects.project_type AS projects_project_type, projects.pitch_purpose AS projects_pitch_purpose, projects.story_stage AS projects_story_stage, projects.genres AS projects_genres, projects.tone AS projects_tone, projects.language AS projects_language, projects.production_status AS projects_production_status, projects.status AS projects_status, projects.intake_form AS projects_intake_form, projects.script_summary AS projects_script_summary, projects.story_analysis AS projects_story_analysis, projects.last_edited_at AS projects_last_edited_at, projects.created_at AS projects_created_at, projects.updated_at AS projects_updated_at 
FROM projects 
WHERE projects.id = $1::UUID  
2026-06-02 12:51:06,795 INFO sqlalchemy.engine.Engine [cached since 4.054s ago] (UUID('30df7686-1c22-4004-9d7f-1f89cbc84e32'),)
2026-06-02 12:51:06,799 INFO sqlalchemy.engine.Engine INSERT INTO generation_jobs (project_id, deck_id, slide_id, job_type, status, progress, params, error, finished_at) VALUES ($1::UUID, $2::UUID, $3::UUID, $4::VARCHAR, $5::VARCHAR, $6::INTEGER, $7::JSONB, $8::VARCHAR, $9::TIMESTAMP WITH TIME ZONE) RETURNING generation_jobs.id, generation_jobs.created_at, generation_jobs.updated_at
2026-06-02 12:51:06,799 INFO sqlalchemy.engine.Engine [generated in 0.00034s] (UUID('30df7686-1c22-4004-9d7f-1f89cbc84e32'), None, None, 'full_deck', 'queued', 0, '{"templateId": null}', None, None)
2026-06-02 12:51:06,802 INFO sqlalchemy.engine.Engine COMMIT
2026-06-02 12:51:06,803 INFO sqlalchemy.engine.Engine BEGIN (implicit)
2026-06-02 12:51:06,804 INFO sqlalchemy.engine.Engine SELECT generation_jobs.id, generation_jobs.project_id, generation_jobs.deck_id, generation_jobs.slide_id, generation_jobs.job_type, generation_jobs.status, generation_jobs.progress, generation_jobs.params, generation_jobs.result, generation_jobs.error, generation_jobs.finished_at, generation_jobs.created_at, generation_jobs.updated_at 
FROM generation_jobs 
WHERE generation_jobs.id = $1::UUID
2026-06-02 12:51:06,804 INFO sqlalchemy.engine.Engine [generated in 0.00012s] (UUID('f086bc91-3b9d-4e56-a4a2-bfac3740b11b'),)
2026-06-02 12:51:06,837 INFO sqlalchemy.engine.Engine BEGIN (implicit)
2026-06-02 12:51:06,838 INFO sqlalchemy.engine.Engine SELECT generation_jobs.id AS generation_jobs_id, generation_jobs.project_id AS generation_jobs_project_id, generation_jobs.deck_id AS generation_jobs_deck_id, generation_jobs.slide_id AS generation_jobs_slide_id, generation_jobs.job_type AS generation_jobs_job_type, generation_jobs.status AS generation_jobs_status, generation_jobs.progress AS generation_jobs_progress, generation_jobs.params AS generation_jobs_params, generation_jobs.result AS generation_jobs_result, generation_jobs.error AS generation_jobs_error, generation_jobs.finished_at AS generation_jobs_finished_at, generation_jobs.created_at AS generation_jobs_created_at, generation_jobs.updated_at AS generation_jobs_updated_at 
FROM generation_jobs 
WHERE generation_jobs.id = $1::UUID
2026-06-02 12:51:06,838 INFO sqlalchemy.engine.Engine [generated in 0.00007s] (UUID('f086bc91-3b9d-4e56-a4a2-bfac3740b11b'),)
2026-06-02 12:51:06,839 INFO sqlalchemy.engine.Engine ROLLBACK
2026-06-02 12:51:09,841 INFO sqlalchemy.engine.Engine BEGIN (implicit)
2026-06-02 12:51:09,841 INFO sqlalchemy.engine.Engine SELECT generation_jobs.id AS generation_jobs_id, generation_jobs.project_id AS generation_jobs_project_id, generation_jobs.deck_id AS generation_jobs_deck_id, generation_jobs.slide_id AS generation_jobs_slide_id, generation_jobs.job_type AS generation_jobs_job_type, generation_jobs.status AS generation_jobs_status, generation_jobs.progress AS generation_jobs_progress, generation_jobs.params AS generation_jobs_params, generation_jobs.result AS generation_jobs_result, generation_jobs.error AS generation_jobs_error, generation_jobs.finished_at AS generation_jobs_finished_at, generation_jobs.created_at AS generation_jobs_created_at, generation_jobs.updated_at AS generation_jobs_updated_at 
FROM generation_jobs 
WHERE generation_jobs.id = $1::UUID
2026-06-02 12:51:09,841 INFO sqlalchemy.engine.Engine [cached since 3.005s ago] (UUID('f086bc91-3b9d-4e56-a4a2-bfac3740b11b'),)
2026-06-02 12:51:09,841 INFO sqlalchemy.engine.Engine ROLLBACK
2026-06-02 12:51:12,845 INFO sqlalchemy.engine.Engine BEGIN (implicit)
2026-06-02 12:51:12,845 INFO sqlalchemy.engine.Engine SELECT generation_jobs.id AS generation_jobs_id, generation_jobs.project_id AS generation_jobs_project_id, generation_jobs.deck_id AS generation_jobs_deck_id, generation_jobs.slide_id AS generation_jobs_slide_id, generation_jobs.job_type AS generation_jobs_job_type, generation_jobs.status AS generation_jobs_status, generation_jobs.progress AS generation_jobs_progress, generation_jobs.params AS generation_jobs_params, generation_jobs.result AS generation_jobs_result, generation_jobs.error AS generation_jobs_error, generation_jobs.finished_at AS generation_jobs_finished_at, generation_jobs.created_at AS generation_jobs_created_at, generation_jobs.updated_at AS generation_jobs_updated_at 
FROM generation_jobs 
WHERE generation_jobs.id = $1::UUID
2026-06-02 12:51:12,845 INFO sqlalchemy.engine.Engine [cached since 6.008s ago] (UUID('f086bc91-3b9d-4e56-a4a2-bfac3740b11b'),)
2026-06-02 12:51:12,846 INFO sqlalchemy.engine.Engine ROLLBACK
2026-06-02 12:51:15,860 INFO sqlalchemy.engine.Engine BEGIN (implicit)
2026-06-02 12:51:15,860 INFO sqlalchemy.engine.Engine SELECT generation_jobs.id AS generation_jobs_id, generation_jobs.project_id AS generation_jobs_project_id, generation_jobs.deck_id AS generation_jobs_deck_id, generation_jobs.slide_id AS generation_jobs_slide_id, generation_jobs.job_type AS generation_jobs_job_type, generation_jobs.status AS generation_jobs_status, generation_jobs.progress AS generation_jobs_progress, generation_jobs.params AS generation_jobs_params, generation_jobs.result AS generation_jobs_result, generation_jobs.error AS generation_jobs_error, generation_jobs.finished_at AS generation_jobs_finished_at, generation_jobs.created_at AS generation_jobs_created_at, generation_jobs.updated_at AS generation_jobs_updated_at 
FROM generation_jobs 
WHERE generation_jobs.id = $1::UUID
2026-06-02 12:51:15,860 INFO sqlalchemy.engine.Engine [cached since 9.023s ago] (UUID('f086bc91-3b9d-4e56-a4a2-bfac3740b11b'),)
2026-06-02 12:51:15,862 INFO sqlalchemy.engine.Engine ROLLBACK
2026-06-02 12:51:18,867 INFO sqlalchemy.engine.Engine BEGIN (implicit)
2026-06-02 12:51:18,868 INFO sqlalchemy.engine.Engine SELECT generation_jobs.id AS generation_jobs_id, generation_jobs.project_id AS generation_jobs_project_id, generation_jobs.deck_id AS generation_jobs_deck_id, generation_jobs.slide_id AS generation_jobs_slide_id, generation_jobs.job_type AS generation_jobs_job_type, generation_jobs.status AS generation_jobs_status, generation_jobs.progress AS generation_jobs_progress, generation_jobs.params AS generation_jobs_params, generation_jobs.result AS generation_jobs_result, generation_jobs.error AS generation_jobs_error, generation_jobs.finished_at AS generation_jobs_finished_at, generation_jobs.created_at AS generation_jobs_created_at, generation_jobs.updated_at AS generation_jobs_updated_at 
FROM generation_jobs 
WHERE generation_jobs.id = $1::UUID
2026-06-02 12:51:18,868 INFO sqlalchemy.engine.Engine [cached since 12.03s ago] (UUID('f086bc91-3b9d-4e56-a4a2-bfac3740b11b'),)
2026-06-02 12:51:18,871 INFO sqlalchemy.engine.Engine ROLLBACK
2026-06-02 12:51:21,884 INFO sqlalchemy.engine.Engine BEGIN (implicit)
2026-06-02 12:51:21,884 INFO sqlalchemy.engine.Engine SELECT generation_jobs.id AS generation_jobs_id, generation_jobs.project_id AS generation_jobs_project_id, generation_jobs.deck_id AS generation_jobs_deck_id, generation_jobs.slide_id AS generation_jobs_slide_id, generation_jobs.job_type AS generation_jobs_job_type, generation_jobs.status AS generation_jobs_status, generation_jobs.progress AS generation_jobs_progress, generation_jobs.params AS generation_jobs_params, generation_jobs.result AS generation_jobs_result, generation_jobs.error AS generation_jobs_error, generation_jobs.finished_at AS generation_jobs_finished_at, generation_jobs.created_at AS generation_jobs_created_at, generation_jobs.updated_at AS generation_jobs_updated_at 
FROM generation_jobs 
WHERE generation_jobs.id = $1::UUID
2026-06-02 12:51:21,884 INFO sqlalchemy.engine.Engine [cached since 15.05s ago] (UUID('f086bc91-3b9d-4e56-a4a2-bfac3740b11b'),)
2026-06-02 12:51:21,884 INFO sqlalchemy.engine.Engine ROLLBACK
2026-06-02 12:51:24,908 INFO sqlalchemy.engine.Engine BEGIN (implicit)
2026-06-02 12:51:24,908 INFO sqlalchemy.engine.Engine SELECT generation_jobs.id AS generation_jobs_id, generation_jobs.project_id AS generation_jobs_project_id, generation_jobs.deck_id AS generation_jobs_deck_id, generation_jobs.slide_id AS generation_jobs_slide_id, generation_jobs.job_type AS generation_jobs_job_type, generation_jobs.status AS generation_jobs_status, generation_jobs.progress AS generation_jobs_progress, generation_jobs.params AS generation_jobs_params, generation_jobs.result AS generation_jobs_result, generation_jobs.error AS generation_jobs_error, generation_jobs.finished_at AS generation_jobs_finished_at, generation_jobs.created_at AS generation_jobs_created_at, generation_jobs.updated_at AS generation_jobs_updated_at 
FROM generation_jobs 
WHERE generation_jobs.id = $1::UUID
2026-06-02 12:51:24,908 INFO sqlalchemy.engine.Engine [cached since 18.07s ago] (UUID('f086bc91-3b9d-4e56-a4a2-bfac3740b11b'),)
2026-06-02 12:51:24,908 INFO sqlalchemy.engine.Engine ROLLBACK
2026-06-02 12:51:27,916 INFO sqlalchemy.engine.Engine BEGIN (implicit)
2026-06-02 12:51:27,918 INFO sqlalchemy.engine.Engine SELECT generation_jobs.id AS generation_jobs_id, generation_jobs.project_id AS generation_jobs_project_id, generation_jobs.deck_id AS generation_jobs_deck_id, generation_jobs.slide_id AS generation_jobs_slide_id, generation_jobs.job_type AS generation_jobs_job_type, generation_jobs.status AS generation_jobs_status, generation_jobs.progress AS generation_jobs_progress, generation_jobs.params AS generation_jobs_params, generation_jobs.result AS generation_jobs_result, generation_jobs.error AS generation_jobs_error, generation_jobs.finished_at AS generation_jobs_finished_at, generation_jobs.created_at AS generation_jobs_created_at, generation_jobs.updated_at AS generation_jobs_updated_at 
FROM generation_jobs 
WHERE generation_jobs.id = $1::UUID
2026-06-02 12:51:27,918 INFO sqlalchemy.engine.Engine [cached since 21.08s ago] (UUID('f086bc91-3b9d-4e56-a4a2-bfac3740b11b'),)
2026-06-02 12:51:27,918 INFO sqlalchemy.engine.Engine ROLLBACK
2026-06-02 12:51:30,946 INFO sqlalchemy.engine.Engine BEGIN (implicit)
2026-06-02 12:51:30,946 INFO sqlalchemy.engine.Engine SELECT generation_jobs.id AS generation_jobs_id, generation_jobs.project_id AS generation_jobs_project_id, generation_jobs.deck_id AS generation_jobs_deck_id, generation_jobs.slide_id AS generation_jobs_slide_id, generation_jobs.job_type AS generation_jobs_job_type, generation_jobs.status AS generation_jobs_status, generation_jobs.progress AS generation_jobs_progress, generation_jobs.params AS generation_jobs_params, generation_jobs.result AS generation_jobs_result, generation_jobs.error AS generation_jobs_error, generation_jobs.finished_at AS generation_jobs_finished_at, generation_jobs.created_at AS generation_jobs_created_at, generation_jobs.updated_at AS generation_jobs_updated_at 
FROM generation_jobs 
WHERE generation_jobs.id = $1::UUID
2026-06-02 12:51:30,946 INFO sqlalchemy.engine.Engine [cached since 24.11s ago] (UUID('f086bc91-3b9d-4e56-a4a2-bfac3740b11b'),)
2026-06-02 12:51:30,950 INFO sqlalchemy.engine.Engine ROLLBACK
2026-06-02 12:51:33,956 INFO sqlalchemy.engine.Engine BEGIN (implicit)
2026-06-02 12:51:33,957 INFO sqlalchemy.engine.Engine SELECT generation_jobs.id AS generation_jobs_id, generation_jobs.project_id AS generation_jobs_project_id, generation_jobs.deck_id AS generation_jobs_deck_id, generation_jobs.slide_id AS generation_jobs_slide_id, generation_jobs.job_type AS generation_jobs_job_type, generation_jobs.status AS generation_jobs_status, generation_jobs.progress AS generation_jobs_progress, generation_jobs.params AS generation_jobs_params, generation_jobs.result AS generation_jobs_result, generation_jobs.error AS generation_jobs_error, generation_jobs.finished_at AS generation_jobs_finished_at, generation_jobs.created_at AS generation_jobs_created_at, generation_jobs.updated_at AS generation_jobs_updated_at 
FROM generation_jobs 
WHERE generation_jobs.id = $1::UUID
2026-06-02 12:51:33,957 INFO sqlalchemy.engine.Engine [cached since 27.12s ago] (UUID('f086bc91-3b9d-4e56-a4a2-bfac3740b11b'),)
2026-06-02 12:51:33,960 INFO sqlalchemy.engine.Engine ROLLBACK
2026-06-02 12:51:36,976 INFO sqlalchemy.engine.Engine BEGIN (implicit)
2026-06-02 12:51:36,976 INFO sqlalchemy.engine.Engine SELECT generation_jobs.id AS generation_jobs_id, generation_jobs.project_id AS generation_jobs_project_id, generation_jobs.deck_id AS generation_jobs_deck_id, generation_jobs.slide_id AS generation_jobs_slide_id, generation_jobs.job_type AS generation_jobs_job_type, generation_jobs.status AS generation_jobs_status, generation_jobs.progress AS generation_jobs_progress, generation_jobs.params AS generation_jobs_params, generation_jobs.result AS generation_jobs_result, generation_jobs.error AS generation_jobs_error, generation_jobs.finished_at AS generation_jobs_finished_at, generation_jobs.created_at AS generation_jobs_created_at, generation_jobs.updated_at AS generation_jobs_updated_at 
FROM generation_jobs 
WHERE generation_jobs.id = $1::UUID
2026-06-02 12:51:36,976 INFO sqlalchemy.engine.Engine [cached since 30.14s ago] (UUID('f086bc91-3b9d-4e56-a4a2-bfac3740b11b'),)
2026-06-02 12:51:36,978 INFO sqlalchemy.engine.Engine ROLLBACK
2026-06-02 12:51:39,983 INFO sqlalchemy.engine.Engine BEGIN (implicit)
2026-06-02 12:51:39,983 INFO sqlalchemy.engine.Engine SELECT generation_jobs.id AS generation_jobs_id, generation_jobs.project_id AS generation_jobs_project_id, generation_jobs.deck_id AS generation_jobs_deck_id, generation_jobs.slide_id AS generation_jobs_slide_id, generation_jobs.job_type AS generation_jobs_job_type, generation_jobs.status AS generation_jobs_status, generation_jobs.progress AS generation_jobs_progress, generation_jobs.params AS generation_jobs_params, generation_jobs.result AS generation_jobs_result, generation_jobs.error AS generation_jobs_error, generation_jobs.finished_at AS generation_jobs_finished_at, generation_jobs.created_at AS generation_jobs_created_at, generation_jobs.updated_at AS generation_jobs_updated_at 
FROM generation_jobs 
WHERE generation_jobs.id = $1::UUID
2026-06-02 12:51:39,983 INFO sqlalchemy.engine.Engine [cached since 33.15s ago] (UUID('f086bc91-3b9d-4e56-a4a2-bfac3740b11b'),)
2026-06-02 12:51:39,983 INFO sqlalchemy.engine.Engine ROLLBACK
2026-06-02 12:51:43,009 INFO sqlalchemy.engine.Engine BEGIN (implicit)
2026-06-02 12:51:43,009 INFO sqlalchemy.engine.Engine SELECT generation_jobs.id AS generation_jobs_id, generation_jobs.project_id AS generation_jobs_project_id, generation_jobs.deck_id AS generation_jobs_deck_id, generation_jobs.slide_id AS generation_jobs_slide_id, generation_jobs.job_type AS generation_jobs_job_type, generation_jobs.status AS generation_jobs_status, generation_jobs.progress AS generation_jobs_progress, generation_jobs.params AS generation_jobs_params, generation_jobs.result AS generation_jobs_result, generation_jobs.error AS generation_jobs_error, generation_jobs.finished_at AS generation_jobs_finished_at, generation_jobs.created_at AS generation_jobs_created_at, generation_jobs.updated_at AS generation_jobs_updated_at 
FROM generation_jobs 
WHERE generation_jobs.id = $1::UUID
2026-06-02 12:51:43,009 INFO sqlalchemy.engine.Engine [cached since 36.17s ago] (UUID('f086bc91-3b9d-4e56-a4a2-bfac3740b11b'),)
2026-06-02 12:51:43,011 INFO sqlalchemy.engine.Engine ROLLBACK
2026-06-02 12:51:46,015 INFO sqlalchemy.engine.Engine BEGIN (implicit)
2026-06-02 12:51:46,015 INFO sqlalchemy.engine.Engine SELECT generation_jobs.id AS generation_jobs_id, generation_jobs.project_id AS generation_jobs_project_id, generation_jobs.deck_id AS generation_jobs_deck_id, generation_jobs.slide_id AS generation_jobs_slide_id, generation_jobs.job_type AS generation_jobs_job_type, generation_jobs.status AS generation_jobs_status, generation_jobs.progress AS generation_jobs_progress, generation_jobs.params AS generation_jobs_params, generation_jobs.result AS generation_jobs_result, generation_jobs.error AS generation_jobs_error, generation_jobs.finished_at AS generation_jobs_finished_at, generation_jobs.created_at AS generation_jobs_created_at, generation_jobs.updated_at AS generation_jobs_updated_at 
FROM generation_jobs 
WHERE generation_jobs.id = $1::UUID
2026-06-02 12:51:46,015 INFO sqlalchemy.engine.Engine [cached since 39.18s ago] (UUID('f086bc91-3b9d-4e56-a4a2-bfac3740b11b'),)
2026-06-02 12:51:46,016 INFO sqlalchemy.engine.Engine ROLLBACK
2026-06-02 12:51:49,020 INFO sqlalchemy.engine.Engine BEGIN (implicit)
2026-06-02 12:51:49,020 INFO sqlalchemy.engine.Engine SELECT generation_jobs.id AS generation_jobs_id, generation_jobs.project_id AS generation_jobs_project_id, generation_jobs.deck_id AS generation_jobs_deck_id, generation_jobs.slide_id AS generation_jobs_slide_id, generation_jobs.job_type AS generation_jobs_job_type, generation_jobs.status AS generation_jobs_status, generation_jobs.progress AS generation_jobs_progress, generation_jobs.params AS generation_jobs_params, generation_jobs.result AS generation_jobs_result, generation_jobs.error AS generation_jobs_error, generation_jobs.finished_at AS generation_jobs_finished_at, generation_jobs.created_at AS generation_jobs_created_at, generation_jobs.updated_at AS generation_jobs_updated_at 
FROM generation_jobs 
WHERE generation_jobs.id = $1::UUID
2026-06-02 12:51:49,020 INFO sqlalchemy.engine.Engine [cached since 42.18s ago] (UUID('f086bc91-3b9d-4e56-a4a2-bfac3740b11b'),)
2026-06-02 12:51:49,022 INFO sqlalchemy.engine.Engine ROLLBACK
2026-06-02 12:51:52,023 INFO sqlalchemy.engine.Engine BEGIN (implicit)
2026-06-02 12:51:52,023 INFO sqlalchemy.engine.Engine SELECT generation_jobs.id AS generation_jobs_id, generation_jobs.project_id AS generation_jobs_project_id, generation_jobs.deck_id AS generation_jobs_deck_id, generation_jobs.slide_id AS generation_jobs_slide_id, generation_jobs.job_type AS generation_jobs_job_type, generation_jobs.status AS generation_jobs_status, generation_jobs.progress AS generation_jobs_progress, generation_jobs.params AS generation_jobs_params, generation_jobs.result AS generation_jobs_result, generation_jobs.error AS generation_jobs_error, generation_jobs.finished_at AS generation_jobs_finished_at, generation_jobs.created_at AS generation_jobs_created_at, generation_jobs.updated_at AS generation_jobs_updated_at 
FROM generation_jobs 
WHERE generation_jobs.id = $1::UUID
2026-06-02 12:51:52,023 INFO sqlalchemy.engine.Engine [cached since 45.19s ago] (UUID('f086bc91-3b9d-4e56-a4a2-bfac3740b11b'),)
2026-06-02 12:51:52,023 INFO sqlalchemy.engine.Engine ROLLBACK
2026-06-02 12:51:55,041 INFO sqlalchemy.engine.Engine BEGIN (implicit)
2026-06-02 12:51:55,042 INFO sqlalchemy.engine.Engine SELECT generation_jobs.id AS generation_jobs_id, generation_jobs.project_id AS generation_jobs_project_id, generation_jobs.deck_id AS generation_jobs_deck_id, generation_jobs.slide_id AS generation_jobs_slide_id, generation_jobs.job_type AS generation_jobs_job_type, generation_jobs.status AS generation_jobs_status, generation_jobs.progress AS generation_jobs_progress, generation_jobs.params AS generation_jobs_params, generation_jobs.result AS generation_jobs_result, generation_jobs.error AS generation_jobs_error, generation_jobs.finished_at AS generation_jobs_finished_at, generation_jobs.created_at AS generation_jobs_created_at, generation_jobs.updated_at AS generation_jobs_updated_at 
FROM generation_jobs 
WHERE generation_jobs.id = $1::UUID
2026-06-02 12:51:55,042 INFO sqlalchemy.engine.Engine [cached since 48.21s ago] (UUID('f086bc91-3b9d-4e56-a4a2-bfac3740b11b'),)
2026-06-02 12:51:55,046 INFO sqlalchemy.engine.Engine ROLLBACK
2026-06-02 12:51:58,070 INFO sqlalchemy.engine.Engine BEGIN (implicit)
2026-06-02 12:51:58,071 INFO sqlalchemy.engine.Engine SELECT generation_jobs.id AS generation_jobs_id, generation_jobs.project_id AS generation_jobs_project_id, generation_jobs.deck_id AS generation_jobs_deck_id, generation_jobs.slide_id AS generation_jobs_slide_id, generation_jobs.job_type AS generation_jobs_job_type, generation_jobs.status AS generation_jobs_status, generation_jobs.progress AS generation_jobs_progress, generation_jobs.params AS generation_jobs_params, generation_jobs.result AS generation_jobs_result, generation_jobs.error AS generation_jobs_error, generation_jobs.finished_at AS generation_jobs_finished_at, generation_jobs.created_at AS generation_jobs_created_at, generation_jobs.updated_at AS generation_jobs_updated_at 
FROM generation_jobs 
WHERE generation_jobs.id = $1::UUID
2026-06-02 12:51:58,071 INFO sqlalchemy.engine.Engine [cached since 51.23s ago] (UUID('f086bc91-3b9d-4e56-a4a2-bfac3740b11b'),)
2026-06-02 12:51:58,072 INFO sqlalchemy.engine.Engine ROLLBACK
2026-06-02 12:52:01,074 INFO sqlalchemy.engine.Engine BEGIN (implicit)
2026-06-02 12:52:01,074 INFO sqlalchemy.engine.Engine SELECT generation_jobs.id AS generation_jobs_id, generation_jobs.project_id AS generation_jobs_project_id, generation_jobs.deck_id AS generation_jobs_deck_id, generation_jobs.slide_id AS generation_jobs_slide_id, generation_jobs.job_type AS generation_jobs_job_type, generation_jobs.status AS generation_jobs_status, generation_jobs.progress AS generation_jobs_progress, generation_jobs.params AS generation_jobs_params, generation_jobs.result AS generation_jobs_result, generation_jobs.error AS generation_jobs_error, generation_jobs.finished_at AS generation_jobs_finished_at, generation_jobs.created_at AS generation_jobs_created_at, generation_jobs.updated_at AS generation_jobs_updated_at 
FROM generation_jobs 
WHERE generation_jobs.id = $1::UUID
2026-06-02 12:52:01,074 INFO sqlalchemy.engine.Engine [cached since 54.24s ago] (UUID('f086bc91-3b9d-4e56-a4a2-bfac3740b11b'),)
2026-06-02 12:52:01,074 INFO sqlalchemy.engine.Engine ROLLBACK
2026-06-02 12:52:04,106 INFO sqlalchemy.engine.Engine BEGIN (implicit)
2026-06-02 12:52:04,106 INFO sqlalchemy.engine.Engine SELECT generation_jobs.id AS generation_jobs_id, generation_jobs.project_id AS generation_jobs_project_id, generation_jobs.deck_id AS generation_jobs_deck_id, generation_jobs.slide_id AS generation_jobs_slide_id, generation_jobs.job_type AS generation_jobs_job_type, generation_jobs.status AS generation_jobs_status, generation_jobs.progress AS generation_jobs_progress, generation_jobs.params AS generation_jobs_params, generation_jobs.result AS generation_jobs_result, generation_jobs.error AS generation_jobs_error, generation_jobs.finished_at AS generation_jobs_finished_at, generation_jobs.created_at AS generation_jobs_created_at, generation_jobs.updated_at AS generation_jobs_updated_at 
FROM generation_jobs 
WHERE generation_jobs.id = $1::UUID
2026-06-02 12:52:04,106 INFO sqlalchemy.engine.Engine [cached since 57.27s ago] (UUID('f086bc91-3b9d-4e56-a4a2-bfac3740b11b'),)
2026-06-02 12:52:04,106 INFO sqlalchemy.engine.Engine ROLLBACK
2026-06-02 12:52:07,117 INFO sqlalchemy.engine.Engine BEGIN (implicit)
2026-06-02 12:52:07,117 INFO sqlalchemy.engine.Engine SELECT generation_jobs.id AS generation_jobs_id, generation_jobs.project_id AS generation_jobs_project_id, generation_jobs.deck_id AS generation_jobs_deck_id, generation_jobs.slide_id AS generation_jobs_slide_id, generation_jobs.job_type AS generation_jobs_job_type, generation_jobs.status AS generation_jobs_status, generation_jobs.progress AS generation_jobs_progress, generation_jobs.params AS generation_jobs_params, generation_jobs.result AS generation_jobs_result, generation_jobs.error AS generation_jobs_error, generation_jobs.finished_at AS generation_jobs_finished_at, generation_jobs.created_at AS generation_jobs_created_at, generation_jobs.updated_at AS generation_jobs_updated_at 
FROM generation_jobs 
WHERE generation_jobs.id = $1::UUID
2026-06-02 12:52:07,118 INFO sqlalchemy.engine.Engine [cached since 60.28s ago] (UUID('f086bc91-3b9d-4e56-a4a2-bfac3740b11b'),)
2026-06-02 12:52:07,120 INFO sqlalchemy.engine.Engine ROLLBACK
2026-06-02 12:52:10,125 INFO sqlalchemy.engine.Engine BEGIN (implicit)
2026-06-02 12:52:10,125 INFO sqlalchemy.engine.Engine SELECT generation_jobs.id AS generation_jobs_id, generation_jobs.project_id AS generation_jobs_project_id, generation_jobs.deck_id AS generation_jobs_deck_id, generation_jobs.slide_id AS generation_jobs_slide_id, generation_jobs.job_type AS generation_jobs_job_type, generation_jobs.status AS generation_jobs_status, generation_jobs.progress AS generation_jobs_progress, generation_jobs.params AS generation_jobs_params, generation_jobs.result AS generation_jobs_result, generation_jobs.error AS generation_jobs_error, generation_jobs.finished_at AS generation_jobs_finished_at, generation_jobs.created_at AS generation_jobs_created_at, generation_jobs.updated_at AS generation_jobs_updated_at 
FROM generation_jobs 
WHERE generation_jobs.id = $1::UUID
2026-06-02 12:52:10,125 INFO sqlalchemy.engine.Engine [cached since 63.29s ago] (UUID('f086bc91-3b9d-4e56-a4a2-bfac3740b11b'),)
2026-06-02 12:52:10,134 INFO sqlalchemy.engine.Engine ROLLBACK
2026-06-02 12:52:13,140 INFO sqlalchemy.engine.Engine BEGIN (implicit)
2026-06-02 12:52:13,140 INFO sqlalchemy.engine.Engine SELECT generation_jobs.id AS generation_jobs_id, generation_jobs.project_id AS generation_jobs_project_id, generation_jobs.deck_id AS generation_jobs_deck_id, generation_jobs.slide_id AS generation_jobs_slide_id, generation_jobs.job_type AS generation_jobs_job_type, generation_jobs.status AS generation_jobs_status, generation_jobs.progress AS generation_jobs_progress, generation_jobs.params AS generation_jobs_params, generation_jobs.result AS generation_jobs_result, generation_jobs.error AS generation_jobs_error, generation_jobs.finished_at AS generation_jobs_finished_at, generation_jobs.created_at AS generation_jobs_created_at, generation_jobs.updated_at AS generation_jobs_updated_at 
FROM generation_jobs 
WHERE generation_jobs.id = $1::UUID
2026-06-02 12:52:13,141 INFO sqlalchemy.engine.Engine [cached since 66.3s ago] (UUID('f086bc91-3b9d-4e56-a4a2-bfac3740b11b'),)
2026-06-02 12:52:13,143 INFO sqlalchemy.engine.Engine ROLLBACK
2026-06-02 12:52:16,145 INFO sqlalchemy.engine.Engine BEGIN (implicit)
2026-06-02 12:52:16,145 INFO sqlalchemy.engine.Engine SELECT generation_jobs.id AS generation_jobs_id, generation_jobs.project_id AS generation_jobs_project_id, generation_jobs.deck_id AS generation_jobs_deck_id, generation_jobs.slide_id AS generation_jobs_slide_id, generation_jobs.job_type AS generation_jobs_job_type, generation_jobs.status AS generation_jobs_status, generation_jobs.progress AS generation_jobs_progress, generation_jobs.params AS generation_jobs_params, generation_jobs.result AS generation_jobs_result, generation_jobs.error AS generation_jobs_error, generation_jobs.finished_at AS generation_jobs_finished_at, generation_jobs.created_at AS generation_jobs_created_at, generation_jobs.updated_at AS generation_jobs_updated_at 
FROM generation_jobs 
WHERE generation_jobs.id = $1::UUID
2026-06-02 12:52:16,145 INFO sqlalchemy.engine.Engine [cached since 69.31s ago] (UUID('f086bc91-3b9d-4e56-a4a2-bfac3740b11b'),)
2026-06-02 12:52:16,145 INFO sqlalchemy.engine.Engine ROLLBACK
2026-06-02 12:52:19,165 INFO sqlalchemy.engine.Engine BEGIN (implicit)
2026-06-02 12:52:19,165 INFO sqlalchemy.engine.Engine SELECT generation_jobs.id AS generation_jobs_id, generation_jobs.project_id AS generation_jobs_project_id, generation_jobs.deck_id AS generation_jobs_deck_id, generation_jobs.slide_id AS generation_jobs_slide_id, generation_jobs.job_type AS generation_jobs_job_type, generation_jobs.status AS generation_jobs_status, generation_jobs.progress AS generation_jobs_progress, generation_jobs.params AS generation_jobs_params, generation_jobs.result AS generation_jobs_result, generation_jobs.error AS generation_jobs_error, generation_jobs.finished_at AS generation_jobs_finished_at, generation_jobs.created_at AS generation_jobs_created_at, generation_jobs.updated_at AS generation_jobs_updated_at 
FROM generation_jobs 
WHERE generation_jobs.id = $1::UUID
2026-06-02 12:52:19,165 INFO sqlalchemy.engine.Engine [cached since 72.33s ago] (UUID('f086bc91-3b9d-4e56-a4a2-bfac3740b11b'),)
2026-06-02 12:52:19,165 INFO sqlalchemy.engine.Engine ROLLBACK
2026-06-02 12:52:22,171 INFO sqlalchemy.engine.Engine BEGIN (implicit)
2026-06-02 12:52:22,171 INFO sqlalchemy.engine.Engine SELECT generation_jobs.id AS generation_jobs_id, generation_jobs.project_id AS generation_jobs_project_id, generation_jobs.deck_id AS generation_jobs_deck_id, generation_jobs.slide_id AS generation_jobs_slide_id, generation_jobs.job_type AS generation_jobs_job_type, generation_jobs.status AS generation_jobs_status, generation_jobs.progress AS generation_jobs_progress, generation_jobs.params AS generation_jobs_params, generation_jobs.result AS generation_jobs_result, generation_jobs.error AS generation_jobs_error, generation_jobs.finished_at AS generation_jobs_finished_at, generation_jobs.created_at AS generation_jobs_created_at, generation_jobs.updated_at AS generation_jobs_updated_at 
FROM generation_jobs 
WHERE generation_jobs.id = $1::UUID
2026-06-02 12:52:22,171 INFO sqlalchemy.engine.Engine [cached since 75.34s ago] (UUID('f086bc91-3b9d-4e56-a4a2-bfac3740b11b'),)
2026-06-02 12:52:22,171 INFO sqlalchemy.engine.Engine ROLLBACK
2026-06-02 12:52:25,176 INFO sqlalchemy.engine.Engine BEGIN (implicit)
2026-06-02 12:52:25,183 INFO sqlalchemy.engine.Engine SELECT generation_jobs.id AS generation_jobs_id, generation_jobs.project_id AS generation_jobs_project_id, generation_jobs.deck_id AS generation_jobs_deck_id, generation_jobs.slide_id AS generation_jobs_slide_id, generation_jobs.job_type AS generation_jobs_job_type, generation_jobs.status AS generation_jobs_status, generation_jobs.progress AS generation_jobs_progress, generation_jobs.params AS generation_jobs_params, generation_jobs.result AS generation_jobs_result, generation_jobs.error AS generation_jobs_error, generation_jobs.finished_at AS generation_jobs_finished_at, generation_jobs.created_at AS generation_jobs_created_at, generation_jobs.updated_at AS generation_jobs_updated_at 
FROM generation_jobs 
WHERE generation_jobs.id = $1::UUID
2026-06-02 12:52:25,183 INFO sqlalchemy.engine.Engine [cached since 78.35s ago] (UUID('f086bc91-3b9d-4e56-a4a2-bfac3740b11b'),)
2026-06-02 12:52:25,183 INFO sqlalchemy.engine.Engine ROLLBACK
2026-06-02 12:52:28,189 INFO sqlalchemy.engine.Engine BEGIN (implicit)
2026-06-02 12:52:28,191 INFO sqlalchemy.engine.Engine SELECT generation_jobs.id AS generation_jobs_id, generation_jobs.project_id AS generation_jobs_project_id, generation_jobs.deck_id AS generation_jobs_deck_id, generation_jobs.slide_id AS generation_jobs_slide_id, generation_jobs.job_type AS generation_jobs_job_type, generation_jobs.status AS generation_jobs_status, generation_jobs.progress AS generation_jobs_progress, generation_jobs.params AS generation_jobs_params, generation_jobs.result AS generation_jobs_result, generation_jobs.error AS generation_jobs_error, generation_jobs.finished_at AS generation_jobs_finished_at, generation_jobs.created_at AS generation_jobs_created_at, generation_jobs.updated_at AS generation_jobs_updated_at 
FROM generation_jobs 
WHERE generation_jobs.id = $1::UUID
2026-06-02 12:52:28,191 INFO sqlalchemy.engine.Engine [cached since 81.35s ago] (UUID('f086bc91-3b9d-4e56-a4a2-bfac3740b11b'),)
2026-06-02 12:52:28,192 INFO sqlalchemy.engine.Engine ROLLBACK
2026-06-02 12:52:31,195 INFO sqlalchemy.engine.Engine BEGIN (implicit)
2026-06-02 12:52:31,195 INFO sqlalchemy.engine.Engine SELECT generation_jobs.id AS generation_jobs_id, generation_jobs.project_id AS generation_jobs_project_id, generation_jobs.deck_id AS generation_jobs_deck_id, generation_jobs.slide_id AS generation_jobs_slide_id, generation_jobs.job_type AS generation_jobs_job_type, generation_jobs.status AS generation_jobs_status, generation_jobs.progress AS generation_jobs_progress, generation_jobs.params AS generation_jobs_params, generation_jobs.result AS generation_jobs_result, generation_jobs.error AS generation_jobs_error, generation_jobs.finished_at AS generation_jobs_finished_at, generation_jobs.created_at AS generation_jobs_created_at, generation_jobs.updated_at AS generation_jobs_updated_at 
FROM generation_jobs 
WHERE generation_jobs.id = $1::UUID
2026-06-02 12:52:31,195 INFO sqlalchemy.engine.Engine [cached since 84.36s ago] (UUID('f086bc91-3b9d-4e56-a4a2-bfac3740b11b'),)
2026-06-02 12:52:31,200 INFO sqlalchemy.engine.Engine ROLLBACK
2026-06-02 12:52:34,205 INFO sqlalchemy.engine.Engine BEGIN (implicit)
2026-06-02 12:52:34,205 INFO sqlalchemy.engine.Engine SELECT generation_jobs.id AS generation_jobs_id, generation_jobs.project_id AS generation_jobs_project_id, generation_jobs.deck_id AS generation_jobs_deck_id, generation_jobs.slide_id AS generation_jobs_slide_id, generation_jobs.job_type AS generation_jobs_job_type, generation_jobs.status AS generation_jobs_status, generation_jobs.progress AS generation_jobs_progress, generation_jobs.params AS generation_jobs_params, generation_jobs.result AS generation_jobs_result, generation_jobs.error AS generation_jobs_error, generation_jobs.finished_at AS generation_jobs_finished_at, generation_jobs.created_at AS generation_jobs_created_at, generation_jobs.updated_at AS generation_jobs_updated_at 
FROM generation_jobs 
WHERE generation_jobs.id = $1::UUID
2026-06-02 12:52:34,205 INFO sqlalchemy.engine.Engine [cached since 87.37s ago] (UUID('f086bc91-3b9d-4e56-a4a2-bfac3740b11b'),)
2026-06-02 12:52:34,205 INFO sqlalchemy.engine.Engine ROLLBACK
2026-06-02 12:52:37,209 INFO sqlalchemy.engine.Engine BEGIN (implicit)
2026-06-02 12:52:37,209 INFO sqlalchemy.engine.Engine SELECT generation_jobs.id AS generation_jobs_id, generation_jobs.project_id AS generation_jobs_project_id, generation_jobs.deck_id AS generation_jobs_deck_id, generation_jobs.slide_id AS generation_jobs_slide_id, generation_jobs.job_type AS generation_jobs_job_type, generation_jobs.status AS generation_jobs_status, generation_jobs.progress AS generation_jobs_progress, generation_jobs.params AS generation_jobs_params, generation_jobs.result AS generation_jobs_result, generation_jobs.error AS generation_jobs_error, generation_jobs.finished_at AS generation_jobs_finished_at, generation_jobs.created_at AS generation_jobs_created_at, generation_jobs.updated_at AS generation_jobs_updated_at 
FROM generation_jobs 
WHERE generation_jobs.id = $1::UUID
2026-06-02 12:52:37,209 INFO sqlalchemy.engine.Engine [cached since 90.37s ago] (UUID('f086bc91-3b9d-4e56-a4a2-bfac3740b11b'),)
2026-06-02 12:52:37,209 INFO sqlalchemy.engine.Engine ROLLBACK
2026-06-02 12:52:40,212 INFO sqlalchemy.engine.Engine BEGIN (implicit)
2026-06-02 12:52:40,212 INFO sqlalchemy.engine.Engine SELECT generation_jobs.id AS generation_jobs_id, generation_jobs.project_id AS generation_jobs_project_id, generation_jobs.deck_id AS generation_jobs_deck_id, generation_jobs.slide_id AS generation_jobs_slide_id, generation_jobs.job_type AS generation_jobs_job_type, generation_jobs.status AS generation_jobs_status, generation_jobs.progress AS generation_jobs_progress, generation_jobs.params AS generation_jobs_params, generation_jobs.result AS generation_jobs_result, generation_jobs.error AS generation_jobs_error, generation_jobs.finished_at AS generation_jobs_finished_at, generation_jobs.created_at AS generation_jobs_created_at, generation_jobs.updated_at AS generation_jobs_updated_at 
FROM generation_jobs 
WHERE generation_jobs.id = $1::UUID
2026-06-02 12:52:40,212 INFO sqlalchemy.engine.Engine [cached since 93.38s ago] (UUID('f086bc91-3b9d-4e56-a4a2-bfac3740b11b'),)
2026-06-02 12:52:40,212 INFO sqlalchemy.engine.Engine ROLLBACK
2026-06-02 12:52:41,102 INFO sqlalchemy.engine.Engine ROLLBACK
2026-06-02 12:52:43,237 INFO sqlalchemy.engine.Engine BEGIN (implicit)
2026-06-02 12:52:43,237 INFO sqlalchemy.engine.Engine SELECT generation_jobs.id AS generation_jobs_id, generation_jobs.project_id AS generation_jobs_project_id, generation_jobs.deck_id AS generation_jobs_deck_id, generation_jobs.slide_id AS generation_jobs_slide_id, generation_jobs.job_type AS generation_jobs_job_type, generation_jobs.status AS generation_jobs_status, generation_jobs.progress AS generation_jobs_progress, generation_jobs.params AS generation_jobs_params, generation_jobs.result AS generation_jobs_result, generation_jobs.error AS generation_jobs_error, generation_jobs.finished_at AS generation_jobs_finished_at, generation_jobs.created_at AS generation_jobs_created_at, generation_jobs.updated_at AS generation_jobs_updated_at 
FROM generation_jobs 
WHERE generation_jobs.id = $1::UUID
2026-06-02 12:52:43,237 INFO sqlalchemy.engine.Engine [cached since 96.4s ago] (UUID('f086bc91-3b9d-4e56-a4a2-bfac3740b11b'),)
2026-06-02 12:52:43,241 INFO sqlalchemy.engine.Engine ROLLBACK
2026-06-02 12:52:43,255 INFO sqlalchemy.engine.Engine BEGIN (implicit)
2026-06-02 12:52:43,255 INFO sqlalchemy.engine.Engine SELECT projects.id AS projects_id, projects.owner_id AS projects_owner_id, projects.title AS projects_title, projects.project_type AS projects_project_type, projects.pitch_purpose AS projects_pitch_purpose, projects.story_stage AS projects_story_stage, projects.genres AS projects_genres, projects.tone AS projects_tone, projects.language AS projects_language, projects.production_status AS projects_production_status, projects.status AS projects_status, projects.intake_form AS projects_intake_form, projects.script_summary AS projects_script_summary, projects.story_analysis AS projects_story_analysis, projects.last_edited_at AS projects_last_edited_at, projects.created_at AS projects_created_at, projects.updated_at AS projects_updated_at 
FROM projects 
WHERE projects.id = $1::UUID
2026-06-02 12:52:43,255 INFO sqlalchemy.engine.Engine [cached since 100.5s ago] (UUID('30df7686-1c22-4004-9d7f-1f89cbc84e32'),)
2026-06-02 12:52:43,255 INFO sqlalchemy.engine.Engine SELECT decks.id, decks.project_id, decks.template_id, decks.slide_count, decks.status, decks.design_direction, decks.quality_review, decks.created_at, decks.updated_at 
FROM decks 
WHERE decks.project_id = $1::UUID ORDER BY decks.created_at DESC 
 LIMIT $2::INTEGER
2026-06-02 12:52:43,255 INFO sqlalchemy.engine.Engine [generated in 0.00018s] (UUID('30df7686-1c22-4004-9d7f-1f89cbc84e32'), 1)
2026-06-02 12:52:43,255 INFO sqlalchemy.engine.Engine SELECT slides.deck_id AS slides_deck_id, slides.id AS slides_id, slides.slide_number AS slides_slide_number, slides.slide_type AS slides_slide_type, slides.title AS slides_title, slides.purpose AS slides_purpose, slides.content AS slides_content, slides.layout AS slides_layout, slides.status AS slides_status, slides.ai_rationale AS slides_ai_rationale, slides.image_asset_id AS slides_image_asset_id, slides.created_at AS slides_created_at, slides.updated_at AS slides_updated_at 
FROM slides 
WHERE slides.deck_id IN ($1::UUID) ORDER BY slides.slide_number
2026-06-02 12:52:43,255 INFO sqlalchemy.engine.Engine [generated in 0.00013s] (UUID('18919475-200f-409e-890e-71f6054bf7c7'),)
2026-06-02 12:52:43,255 INFO sqlalchemy.engine.Engine ROLLBACK
2026-06-02 12:52:43,270 INFO sqlalchemy.engine.Engine BEGIN (implicit)
2026-06-02 12:52:43,270 INFO sqlalchemy.engine.Engine SELECT assets.id AS assets_id, assets.project_id AS assets_project_id, assets.slide_id AS assets_slide_id, assets.kind AS assets_kind, assets.storage_key AS assets_storage_key, assets.mime AS assets_mime, assets.width AS assets_width, assets.height AS assets_height, assets.generation_meta AS assets_generation_meta, assets.created_at AS assets_created_at, assets.updated_at AS assets_updated_at 
FROM assets 
WHERE assets.id = $1::UUID
2026-06-02 12:52:43,271 INFO sqlalchemy.engine.Engine [generated in 0.00010s] (UUID('d9b30bd9-65a6-4b01-b6c6-3791857cedde'),)
2026-06-02 12:52:43,272 INFO sqlalchemy.engine.Engine ROLLBACK
2026-06-02 12:52:43,291 INFO sqlalchemy.engine.Engine BEGIN (implicit)
2026-06-02 12:52:43,291 INFO sqlalchemy.engine.Engine SELECT assets.id AS assets_id, assets.project_id AS assets_project_id, assets.slide_id AS assets_slide_id, assets.kind AS assets_kind, assets.storage_key AS assets_storage_key, assets.mime AS assets_mime, assets.width AS assets_width, assets.height AS assets_height, assets.generation_meta AS assets_generation_meta, assets.created_at AS assets_created_at, assets.updated_at AS assets_updated_at 
FROM assets 
WHERE assets.id = $1::UUID
2026-06-02 12:52:43,291 INFO sqlalchemy.engine.Engine [cached since 0.02037s ago] (UUID('80961ac4-b02e-45ba-9e92-3800a1b609be'),)
2026-06-02 12:52:43,295 INFO sqlalchemy.engine.Engine ROLLBACK
2026-06-02 12:52:43,295 INFO sqlalchemy.engine.Engine BEGIN (implicit)
2026-06-02 12:52:43,295 INFO sqlalchemy.engine.Engine SELECT assets.id AS assets_id, assets.project_id AS assets_project_id, assets.slide_id AS assets_slide_id, assets.kind AS assets_kind, assets.storage_key AS assets_storage_key, assets.mime AS assets_mime, assets.width AS assets_width, assets.height AS assets_height, assets.generation_meta AS assets_generation_meta, assets.created_at AS assets_created_at, assets.updated_at AS assets_updated_at 
FROM assets 
WHERE assets.id = $1::UUID
2026-06-02 12:52:43,295 INFO sqlalchemy.engine.Engine [cached since 0.02681s ago] (UUID('b4d775ab-8473-4edf-bcb2-e4af57da2147'),)
2026-06-02 12:52:43,302 INFO sqlalchemy.engine.Engine ROLLBACK
2026-06-02 12:52:43,302 INFO sqlalchemy.engine.Engine BEGIN (implicit)
2026-06-02 12:52:43,302 INFO sqlalchemy.engine.Engine SELECT assets.id AS assets_id, assets.project_id AS assets_project_id, assets.slide_id AS assets_slide_id, assets.kind AS assets_kind, assets.storage_key AS assets_storage_key, assets.mime AS assets_mime, assets.width AS assets_width, assets.height AS assets_height, assets.generation_meta AS assets_generation_meta, assets.created_at AS assets_created_at, assets.updated_at AS assets_updated_at 
FROM assets 
WHERE assets.id = $1::UUID
2026-06-02 12:52:43,302 INFO sqlalchemy.engine.Engine [cached since 0.03241s ago] (UUID('a32aa1d3-0592-4166-bbb2-372cdbc4036f'),)
2026-06-02 12:52:43,302 INFO sqlalchemy.engine.Engine ROLLBACK
2026-06-02 12:52:43,317 INFO sqlalchemy.engine.Engine BEGIN (implicit)
2026-06-02 12:52:43,317 INFO sqlalchemy.engine.Engine SELECT assets.id AS assets_id, assets.project_id AS assets_project_id, assets.slide_id AS assets_slide_id, assets.kind AS assets_kind, assets.storage_key AS assets_storage_key, assets.mime AS assets_mime, assets.width AS assets_width, assets.height AS assets_height, assets.generation_meta AS assets_generation_meta, assets.created_at AS assets_created_at, assets.updated_at AS assets_updated_at 
FROM assets 
WHERE assets.id = $1::UUID
2026-06-02 12:52:43,317 INFO sqlalchemy.engine.Engine [cached since 0.04688s ago] (UUID('da83879a-608e-41af-bedc-18e4f2faa084'),)
2026-06-02 12:52:43,319 INFO sqlalchemy.engine.Engine ROLLBACK
